<?xml version="1.0" encoding="UTF-8"?>
<testsuite xmlns:xsi="http://www.w3.org/2001/XMLSchema-instance" xsi:noNamespaceSchemaLocation="https://maven.apache.org/surefire/maven-surefire-plugin/xsd/surefire-test-report-3.0.xsd" version="3.0" name="ClienteTest" time="20.314" tests="1" errors="0" skipped="0" failures="0">
  <properties>
[...]
</properties>
  <testcase name="testClienteAccessAndNavigation" classname="ClienteTest" time="20.282">
    <system-out><![CDATA[1.-Log in exitoso-Cliente
2.-Boton inventario exitoso-Cliente
3.-Boton Ordenes exitoso-Cliente
4.-Boton usuario exitoso-Cliente
5.-tache exitoso-Cliente
6.-funciona el boton mi perfil no reedirige-Cliente
7.-Boton usuario exitoso-Cliente
8.-Boton usuario exitoso-Cliente
9.-tache exitoso-Cliente
10.-funciona el boton mi perfil no reedirige-Cliente
11.-Boton usuario exitoso-Cliente
12.-Sesion cerrada correctamente-Cliente
]]></system-out>
    <system-err><![CDATA[Apr 24, 2025 6:53:05 PM org.openqa.selenium.devtools.CdpVersionFinder findNearestMatch
WARNING: Unable to find CDP implementation matching 135
Apr 24, 2025 6:53:05 PM org.openqa.selenium.chromium.ChromiumDriver lambda$new$5
WARNING: Unable to find version of CDP to use for 135.0.7049.115. You may need to include a dependency on a specific version of the CDP using something similar to `org.seleniumhq.selenium:selenium-devtools-v86:4.20.0` where the version ("v86") matches the version of the chromium-based browser you're using and the version number of the artifact is the same as Selenium's.
]]></system-err>
  </testcase>
</testsuite>